<?xml version="1.0" encoding="UTF-8"?>
<!-- Generated by org.testng.reporters.JUnitReportReporter -->
<testsuite hostname="DESKTOP-JBT7D29" failures="0" tests="1" name="com.pagefreezer.assignments.BasicUsabilityTests" time="18.824" errors="0" timestamp="26 Jun 2018 13:51:33 GMT" skipped="0">
  <testcase classname="com.pagefreezer.assignments.BasicUsabilityTests" name="b_canAccessDefaultWebsiteArchives" time="18.824"/>
</testsuite> <!-- com.pagefreezer.assignments.BasicUsabilityTests -->
